<?xml version="1.0" encoding="UTF-8"?>
<testExecutions version="1">
  <file path="/Users/dusannitschneider/git/amido/stacks/stacks-webapp-template/packages/webapp/__tests__/index.test.tsx">
    <testCase name="With React Testing Library page renders tag type &lt;div&gt; with text" duration="29"/>
    <testCase name="With React Testing Library Snapshot renders page" duration="20"/>
    <testCase name="With React Testing Library page rerenders with hydrate" duration="9"/>
  </file>
</testExecutions>